<?xml version="1.0" encoding="UTF-8"?>
<!-- Generated by org.testng.reporters.JUnitXMLReporter -->
<testsuite hostname="LAPTOP-AUG5HGQL" ignored="0" name="Default test" tests="3" failures="0" timestamp="04 Nov 2020 03:49:27 GMT" time="190.613" errors="0">
  <testcase name="verifyHomePageTitle" time="0.168" classname="com.iceland.qa.tests.HomePageTest"/>
  <testcase name="verifyWelcomebackTosinTest" time="0.861" classname="com.iceland.qa.tests.HomePageTest"/>
  <testcase name="verifyIcelandlogoImageHomePageTest" time="0.115" classname="com.iceland.qa.tests.HomePageTest"/>
</testsuite> <!-- Default test -->
