<?xml version="1.0" encoding="UTF-8"?>
<!-- Generated by org.testng.reporters.JUnitXMLReporter -->
<testsuite hostname="LAPTOP-AUG5HGQL" ignored="0" name="Test" tests="6" failures="0" timestamp="04 Nov 2020 01:23:29 GMT" time="277.134" errors="0">
  <testcase name="SignInPageTitleTest" time="0.161" classname="com.iceland.qa.tests.SignInPageTest"/>
  <testcase name="verifyHomePageTitle" time="0.012" classname="com.iceland.qa.tests.HomePageTest"/>
  <testcase name="IcelandlogoImageTest" time="1.161" classname="com.iceland.qa.tests.SignInPageTest"/>
  <testcase name="verifyWelcomebackTosinTest" time="0.104" classname="com.iceland.qa.tests.HomePageTest"/>
  <testcase name="signInPageTest" time="2.727" classname="com.iceland.qa.tests.SignInPageTest"/>
  <testcase name="verifyIcelandlogoImageHomePageTest" time="0.219" classname="com.iceland.qa.tests.HomePageTest"/>
</testsuite> <!-- Test -->
